[main] ERROR com.solvd.OnlineShop.daos.UserDAO  - java.lang.ClassNotFoundException: com.mysql.jdbc.Driver
[main] ERROR com.solvd.OnlineShop.daos.UserDAO  - java.sql.SQLException: No suitable driver found for jdbc:mysql://localhost:3306
[main] ERROR com.solvd.OnlineShop.daos.UserDAO  - com.mysql.jdbc.exceptions.jdbc4.MySQLNonTransientConnectionException: Could not create connection to database server.
[main] ERROR com.solvd.OnlineShop.daos.UserDAO  - com.mysql.jdbc.exceptions.jdbc4.MySQLNonTransientConnectionException: Could not create connection to database server.
[main] ERROR com.solvd.OnlineShop.daos.UserDAO  - com.mysql.jdbc.exceptions.jdbc4.MySQLNonTransientConnectionException: Could not create connection to database server.
[main] ERROR com.solvd.OnlineShop.daos.UserDAO  - com.mysql.jdbc.exceptions.jdbc4.MySQLNonTransientConnectionException: Could not create connection to database server.
[main] ERROR com.solvd.OnlineShop.daos.UserDAO  - com.mysql.jdbc.exceptions.jdbc4.MySQLNonTransientConnectionException: Could not create connection to database server.
[main] ERROR com.solvd.OnlineShop.daos.UserDAO  - com.mysql.jdbc.exceptions.jdbc4.MySQLNonTransientConnectionException: Could not create connection to database server.
[main] ERROR com.solvd.OnlineShop.daos.UserDAO  - com.mysql.jdbc.exceptions.jdbc4.MySQLNonTransientConnectionException: Could not create connection to database server.
[main] ERROR com.solvd.OnlineShop.daos.UserDAO  - java.sql.SQLSyntaxErrorException: Table 'online_shop.users' doesn't exist
[main] ERROR com.solvd.OnlineShop.daos.UserDAO  - java.sql.SQLSyntaxErrorException: Table 'online_shop.users' doesn't exist
[main] ERROR com.solvd.OnlineShop.daos.UserDAO  - java.sql.SQLSyntaxErrorException: Table 'online_shop.users' doesn't exist
[main] ERROR com.solvd.OnlineShop.daos.UserDAO  - java.sql.SQLException: Before start of result set
[main] ERROR com.solvd.OnlineShop.daos.UserDAO  - java.sql.SQLException: Column 'Finish' not found.
[main] ERROR com.solvd.OnlineShop.daos.UserDAO  - java.sql.SQLException: Column 'nam' not found.
[main] ERROR com.solvd.OnlineShop.dao.mysql.UserDAO  - com.mysql.cj.jdbc.exceptions.CommunicationsException: Communications link failure

The last packet sent successfully to the server was 0 milliseconds ago. The driver has not received any packets from the server.
[main] ERROR com.solvd.OnlineShop.dao.mysql.ProductDAO  - com.mysql.cj.jdbc.exceptions.CommunicationsException: Communications link failure

The last packet sent successfully to the server was 0 milliseconds ago. The driver has not received any packets from the server.
[main] ERROR com.solvd.OnlineShop.dao.mysql.UserDAO  - java.sql.SQLException: No value specified for parameter 1
[main] ERROR com.solvd.OnlineShop.dao.mysql.ProductDAO  - java.sql.SQLException: No value specified for parameter 1
[main] ERROR com.solvd.OnlineShop.dao.mysql.UserDAO  - java.sql.SQLException: No value specified for parameter 1
[main] ERROR com.solvd.OnlineShop.dao.mysql.ProductDAO  - java.sql.SQLException: No value specified for parameter 1
[main] ERROR com.solvd.OnlineShop.dao.mysql.AddressDAO  - java.sql.SQLException: No value specified for parameter 1
[main] ERROR com.solvd.OnlineShop.dao.mysql.AddressDAO  - java.sql.SQLException: No value specified for parameter 1
[main] ERROR com.solvd.OnlineShop.dao.mysql.ProductDAO  - java.sql.SQLException: No value specified for parameter 1
[main] ERROR com.solvd.OnlineShop.dao.mysql.AddressDAO  - java.sql.SQLException: No value specified for parameter 1
[main] ERROR com.solvd.OnlineShop.dao.mysql.ProductDAO  - java.sql.SQLException: No value specified for parameter 1
[main] ERROR com.solvd.OnlineShop.dao.mysql.ProductDAO  - java.sql.SQLException: No value specified for parameter 1
[main] ERROR com.solvd.OnlineShop.dao.mysql.ProductDAO  - java.sql.SQLException: No value specified for parameter 1
[main] ERROR com.solvd.OnlineShop.dao.mysql.ProductDAO  - java.sql.SQLException: No value specified for parameter 1
[main] ERROR com.solvd.OnlineShop.dao.mysql.ProductDAO  - java.sql.SQLException: No value specified for parameter 1
[main] ERROR com.solvd.OnlineShop.dao.mysql.AddressDAO  - java.sql.SQLException: No value specified for parameter 1
[main] ERROR com.solvd.OnlineShop.dao.mysql.ProductDAO  - java.sql.SQLException: No value specified for parameter 1
[main] ERROR com.solvd.OnlineShop.dao.mysql.AddressDAO  - java.sql.SQLException: No value specified for parameter 1
[main] ERROR com.solvd.OnlineShop.dao.mysql.ProductDAO  - java.sql.SQLException: No value specified for parameter 1
[main] ERROR com.solvd.OnlineShop.dao.mysql.ProductDAO  - java.sql.SQLException: No value specified for parameter 1
[main] ERROR com.solvd.OnlineShop.dao.mysql.AddressDAO  - java.sql.SQLException: No value specified for parameter 1
[main] ERROR com.solvd.OnlineShop.dao.mysql.ProductDAO  - java.sql.SQLException: No value specified for parameter 1
[main] ERROR com.solvd.OnlineShop.dao.mysql.ProductDAO  - java.sql.SQLException: No value specified for parameter 1
[main] ERROR com.solvd.OnlineShop.dao.mysql.ProductDAO  - java.sql.SQLException: No value specified for parameter 1
[main] ERROR com.solvd.OnlineShop.dao.mysql.ProductDAO  - java.sql.SQLException: No value specified for parameter 1
[main] ERROR com.solvd.OnlineShop.dao.mysql.UserDAO  - java.sql.SQLException: No value specified for parameter 1
[main] ERROR com.solvd.OnlineShop.dao.mysql.ProductDAO  - java.sql.SQLException: No value specified for parameter 1
[main] ERROR com.solvd.OnlineShop.dao.mysql.AddressDAO  - java.sql.SQLException: No value specified for parameter 1
[main] ERROR com.solvd.OnlineShop.dao.mysql.UserDAO  - java.sql.SQLException: No value specified for parameter 1
[main] ERROR com.solvd.OnlineShop.dao.mysql.ProductDAO  - java.sql.SQLException: No value specified for parameter 1
[main] ERROR com.solvd.OnlineShop.dao.mysql.AddressDAO  - java.sql.SQLException: No value specified for parameter 1
[main] ERROR com.solvd.OnlineShop.dao.mysql.UserDAO  - java.sql.SQLException: No value specified for parameter 1
[main] ERROR com.solvd.OnlineShop.dao.mysql.UserDAO  - java.sql.SQLException: No value specified for parameter 1
[main] ERROR com.solvd.OnlineShop.dao.mysql.ProductDAO  - java.sql.SQLException: No value specified for parameter 1
[main] ERROR com.solvd.OnlineShop.dao.mysql.ProductDAO  - java.sql.SQLException: No value specified for parameter 1
[main] ERROR com.solvd.OnlineShop.dao.mysql.AddressDAO  - java.sql.SQLException: No value specified for parameter 1
[main] ERROR com.solvd.OnlineShop.dao.mysql.AddressDAO  - java.sql.SQLException: No value specified for parameter 1
[main] ERROR com.solvd.OnlineShop.Main  - javax.xml.bind.UnmarshalException: unexpected element (uri:"https://www.w3schools.com", local:"onlineshop"). Expected elements are <{}category>,<{}notification>,<{}preference>,<{}product>,<{}search_history>,<{}user>
[main] ERROR com.solvd.OnlineShop.jackson.Main  - com.fasterxml.jackson.databind.exc.InvalidFormatException: Cannot deserialize value of type `java.util.Date` from String "21-11-2020": not a valid representation (error: Failed to parse Date value '21-11-2020': Cannot parse date "21-11-2020": not compatible with any of standard forms ("yyyy-MM-dd'T'HH:mm:ss.SSSX", "yyyy-MM-dd'T'HH:mm:ss.SSS", "EEE, dd MMM yyyy HH:mm:ss zzz", "yyyy-MM-dd"))
 at [Source: (String)"{"id":1,"title":"New purchase order completed","description":"You buy a notebook","readed":true,"user":{"id":1,"name":"julian","age":22,"email":"jm@mail.com","password":"pass","mobile":"mob","products":[{"id":1,"name":"Pc","price":1000.0,"description":"A computer"}],"searchHistory":[{"id":1,"date":"21-11-2020","product":{"id":1,"name":"Pc","price":1000.0,"description":"A computer"}}],"preferences":[{"id":1,"category":{"id":1,"name":"Technology"}}],"last_name":"mastieri"}}"; line: 1, column: 300] (through reference chain: com.solvd.OnlineShop.models.Notification["user"]->com.solvd.OnlineShop.models.User["searchHistory"]->java.util.ArrayList[0]->com.solvd.OnlineShop.models.SearchHistory["date"])
[main] ERROR com.solvd.OnlineShop.myBatis.Main  - java.io.IOException: Could not find resource ./src/main/resources/mybatis-config.xml
[main] ERROR com.solvd.OnlineShop.myBatis.Main  - java.io.IOException: Could not find resource src\main\resources\mybatis-config.xml
[main] ERROR com.solvd.OnlineShop.myBatis.Main  - java.io.IOException: Could not find resource resources\mybatis-config.xml
[main] ERROR com.solvd.OnlineShop.myBatis.Main  - java.io.IOException: Could not find resource resources/mybatis-config.xml
